{
  "stats": {
    "suites": 1,
    "tests": 1,
    "passes": 1,
    "pending": 0,
    "failures": 0,
    "start": "2025-05-25T16:25:08.192Z",
    "end": "2025-05-25T16:25:12.760Z",
    "duration": 4568,
    "testsRegistered": 1,
    "passPercent": 100,
    "pendingPercent": 0,
    "other": 0,
    "hasOther": false,
    "skipped": 0,
    "hasSkipped": false
  },
  "results": [
    {
      "uuid": "3ab987fb-f90b-4025-aa0b-81fda00f0e48",
      "title": "",
      "fullFile": "cypress/e2e/2-login.cy.js",
      "file": "cypress/e2e/2-login.cy.js",
      "beforeHooks": [],
      "afterHooks": [],
      "tests": [],
      "suites": [
        {
          "uuid": "284259e3-55c4-4390-a958-2b703b33711f",
          "title": "Validate the onboarding process",
          "fullFile": "",
          "file": "",
          "beforeHooks": [],
          "afterHooks": [],
          "tests": [
            {
              "title": "should be logged in and create bank account",
              "fullTitle": "Validate the onboarding process should be logged in and create bank account",
              "timedOut": null,
              "duration": 4547,
              "state": "passed",
              "speed": "fast",
              "pass": true,
              "fail": false,
              "pending": false,
              "context": null,
              "code": "cy.goToLoginPage();\n_loginPage.onLoginPage.enterUsernameToLogin();\n_loginPage.onLoginPage.enterPasswordToLogin();\n_loginPage.onLoginPage.clickOnSignIn();\ncy.get('body').then($body => {\n  if ($body.find('[data-test=\"user-onboarding-dialog-title\"]').length > 0) {\n    cy.get('[data-test=\"user-onboarding-dialog-title\"]', {\n      timeout: 5000\n    }).should('be.visible').then($el => {\n      cy.log(`Dialog Title Found: \"${$el.text()}\"`);\n      _loginPage.onLoginPage.enterBankName();\n      _loginPage.onLoginPage.enterRoutingNumber();\n      _loginPage.onLoginPage.enterAccountNumber();\n      _loginPage.onLoginPage.clickOnSaveBankAccount();\n    });\n  } else {\n    cy.log('Bank account already created, skipping dialog...');\n  }\n});\n_loginPage.onLoginPage.validateOnHomePage();",
              "err": {},
              "uuid": "fc5677c8-7d6f-4439-b750-c5c2ab1ae474",
              "parentUUID": "284259e3-55c4-4390-a958-2b703b33711f",
              "isHook": false,
              "skipped": false
            }
          ],
          "suites": [],
          "passes": [
            "fc5677c8-7d6f-4439-b750-c5c2ab1ae474"
          ],
          "failures": [],
          "pending": [],
          "skipped": [],
          "duration": 4547,
          "root": false,
          "rootEmpty": false,
          "_timeout": 2000
        }
      ],
      "passes": [],
      "failures": [],
      "pending": [],
      "skipped": [],
      "duration": 0,
      "root": true,
      "rootEmpty": true,
      "_timeout": 2000
    }
  ],
  "meta": {
    "mocha": {
      "version": "7.2.0"
    },
    "mochawesome": {
      "options": {
        "quiet": false,
        "reportFilename": "mochawesome",
        "saveHtml": true,
        "saveJson": true,
        "consoleReporter": "spec",
        "useInlineDiffs": false,
        "code": true
      },
      "version": "7.1.3"
    },
    "marge": {
      "options": {
        "reportDir": "mochawesome-report",
        "overwrite": false,
        "html": true,
        "json": true,
        "timestamp": "mm-dd-yyyy_HH-MM-ss"
      },
      "version": "6.2.0"
    }
  }
}